2018-12-11 21:20:09.005 INFO [restartedMain]net.xdclass.xdvideo.XdvideoApplication.logStarting:50 -Starting XdvideoApplication on UGIQ0L8OELC7BZR with PID 19988 (E:\idea\ideaIUwork\new\xdvideo\target\classes started by Administrator in E:\idea\ideaIUwork\new\xdvideo)
2018-12-11 21:20:09.010 INFO [restartedMain]net.xdclass.xdvideo.XdvideoApplication.logStartupProfileInfo:659 -No active profile set, falling back to default profiles: default
2018-12-11 21:20:09.301 INFO [restartedMain]o.s.b.w.s.c.AnnotationConfigServletWebServerApplicationContext.prepareRefresh:590 -Refreshing org.springframework.boot.web.servlet.context.AnnotationConfigServletWebServerApplicationContext@78613820: startup date [Tue Dec 11 21:20:09 GMT+08:00 2018]; root of context hierarchy
2018-12-11 21:20:12.364 INFO [restartedMain]o.s.d.repository.config.RepositoryConfigurationDelegate.multipleStoresDetected:163 -Multiple Spring Data modules found, entering strict repository configuration mode!
2018-12-11 21:20:13.276 INFO [restartedMain]o.s.c.s.PostProcessorRegistrationDelegate$BeanPostProcessorChecker.postProcessAfterInitialization:328 -Bean 'org.springframework.transaction.annotation.ProxyTransactionManagementConfiguration' of type [org.springframework.transaction.annotation.ProxyTransactionManagementConfiguration$$EnhancerBySpringCGLIB$$f92b1533] is not eligible for getting processed by all BeanPostProcessors (for example: not eligible for auto-proxying)
2018-12-11 21:20:14.092 INFO [restartedMain]o.s.boot.web.embedded.tomcat.TomcatWebServer.initialize:91 -Tomcat initialized with port(s): 8081 (http)
2018-12-11 21:20:14.131 INFO [restartedMain]org.apache.coyote.http11.Http11NioProtocol.log:180 -Initializing ProtocolHandler ["http-nio-8081"]
2018-12-11 21:20:14.147 INFO [restartedMain]org.apache.catalina.core.StandardService.log:180 -Starting service [Tomcat]
2018-12-11 21:20:14.147 INFO [restartedMain]org.apache.catalina.core.StandardEngine.log:180 -Starting Servlet Engine: Apache Tomcat/8.5.31
2018-12-11 21:20:14.154 INFO [localhost-startStop-1]org.apache.catalina.core.AprLifecycleListener.log:180 -Loaded APR based Apache Tomcat Native library [1.2.17] using APR version [1.6.3].
2018-12-11 21:20:14.154 INFO [localhost-startStop-1]org.apache.catalina.core.AprLifecycleListener.log:180 -APR capabilities: IPv6 [true], sendfile [true], accept filters [false], random [true].
2018-12-11 21:20:14.154 INFO [localhost-startStop-1]org.apache.catalina.core.AprLifecycleListener.log:180 -APR/OpenSSL configuration: useAprConnector [false], useOpenSSL [true]
2018-12-11 21:20:15.253 INFO [localhost-startStop-1]org.apache.catalina.core.AprLifecycleListener.log:180 -OpenSSL successfully initialized [OpenSSL 1.0.2o  27 Mar 2018]
2018-12-11 21:20:15.421 INFO [localhost-startStop-1]o.a.catalina.core.ContainerBase.[Tomcat].[localhost].[/].log:180 -Initializing Spring embedded WebApplicationContext
2018-12-11 21:20:15.422 INFO [localhost-startStop-1]org.springframework.web.context.ContextLoader.prepareWebApplicationContext:285 -Root WebApplicationContext: initialization completed in 6121 ms
2018-12-11 21:20:15.654 INFO [localhost-startStop-1]o.s.boot.web.servlet.ServletRegistrationBean.addRegistration:186 -Servlet dispatcherServlet mapped to [/]
2018-12-11 21:20:15.687 INFO [localhost-startStop-1]o.s.boot.web.servlet.FilterRegistrationBean.configure:245 -Mapping filter: 'characterEncodingFilter' to: [/*]
2018-12-11 21:20:15.687 INFO [localhost-startStop-1]o.s.boot.web.servlet.FilterRegistrationBean.configure:245 -Mapping filter: 'hiddenHttpMethodFilter' to: [/*]
2018-12-11 21:20:15.687 INFO [localhost-startStop-1]o.s.boot.web.servlet.FilterRegistrationBean.configure:245 -Mapping filter: 'httpPutFormContentFilter' to: [/*]
2018-12-11 21:20:15.688 INFO [localhost-startStop-1]o.s.boot.web.servlet.FilterRegistrationBean.configure:245 -Mapping filter: 'requestContextFilter' to: [/*]
2018-12-11 21:20:17.302 INFO [restartedMain]o.s.web.servlet.handler.SimpleUrlHandlerMapping.registerHandler:373 -Mapped URL path [/**/favicon.ico] onto handler of type [class org.springframework.web.servlet.resource.ResourceHttpRequestHandler]
2018-12-11 21:20:17.824 INFO [restartedMain]o.s.w.s.m.method.annotation.RequestMappingHandlerAdapter.initControllerAdviceCache:574 -Looking for @ControllerAdvice: org.springframework.boot.web.servlet.context.AnnotationConfigServletWebServerApplicationContext@78613820: startup date [Tue Dec 11 21:20:09 GMT+08:00 2018]; root of context hierarchy
2018-12-11 21:20:17.984 INFO [restartedMain]o.s.w.s.m.method.annotation.RequestMappingHandlerMapping.register:547 -Mapped "{[/test]}" onto public java.lang.String net.xdclass.xdvideo.controller.TestController.test()
2018-12-11 21:20:17.986 INFO [restartedMain]o.s.w.s.m.method.annotation.RequestMappingHandlerMapping.register:547 -Mapped "{[/test_config]}" onto public java.lang.String net.xdclass.xdvideo.controller.TestController.testConfig()
2018-12-11 21:20:17.993 INFO [restartedMain]o.s.w.s.m.method.annotation.RequestMappingHandlerMapping.register:547 -Mapped "{[/api/v1/video/update],methods=[POST]}" onto public java.lang.Object net.xdclass.xdvideo.controller.VideoController.update(net.xdclass.xdvideo.domain.VideoEntity)
2018-12-11 21:20:17.994 INFO [restartedMain]o.s.w.s.m.method.annotation.RequestMappingHandlerMapping.register:547 -Mapped "{[/api/v1/video/save],methods=[POST]}" onto public int net.xdclass.xdvideo.controller.VideoController.insert(net.xdclass.xdvideo.domain.VideoEntity)
2018-12-11 21:20:17.994 INFO [restartedMain]o.s.w.s.m.method.annotation.RequestMappingHandlerMapping.register:547 -Mapped "{[/api/v1/video/test],methods=[GET]}" onto public net.xdclass.xdvideo.domain.VideoEntity net.xdclass.xdvideo.controller.VideoController.test(java.lang.Integer)
2018-12-11 21:20:17.995 INFO [restartedMain]o.s.w.s.m.method.annotation.RequestMappingHandlerMapping.register:547 -Mapped "{[/api/v1/video/page],methods=[GET]}" onto public java.lang.Object net.xdclass.xdvideo.controller.VideoController.page(java.lang.Integer,java.lang.Integer)
2018-12-11 21:20:17.995 INFO [restartedMain]o.s.w.s.m.method.annotation.RequestMappingHandlerMapping.register:547 -Mapped "{[/api/v1/video/test_page],methods=[GET]}" onto public java.lang.Object net.xdclass.xdvideo.controller.VideoController.customPage(java.util.Map<java.lang.String, java.lang.Object>)
2018-12-11 21:20:17.996 INFO [restartedMain]o.s.w.s.m.method.annotation.RequestMappingHandlerMapping.register:547 -Mapped "{[/user/api/v1/order/add],methods=[GET]}" onto public void net.xdclass.xdvideo.controller.VideoOrderController.saveOrder(int,org.apache.catalina.servlet4preview.http.HttpServletRequest,javax.servlet.http.HttpServletResponse) throws java.lang.Exception
2018-12-11 21:20:17.998 INFO [restartedMain]o.s.w.s.m.method.annotation.RequestMappingHandlerMapping.register:547 -Mapped "{[/api/v1/wechat/login_url],methods=[GET]}" onto public net.xdclass.xdvideo.domain.JsonData net.xdclass.xdvideo.controller.WechatController.loginUrl(java.lang.String) throws java.io.UnsupportedEncodingException
2018-12-11 21:20:17.998 INFO [restartedMain]o.s.w.s.m.method.annotation.RequestMappingHandlerMapping.register:547 -Mapped "{[/api/v1/wechat/order/callback]}" onto public void net.xdclass.xdvideo.controller.WechatController.orderCallBack(javax.servlet.http.HttpServletRequest,javax.servlet.http.HttpServletResponse) throws java.lang.Exception
2018-12-11 21:20:17.998 INFO [restartedMain]o.s.w.s.m.method.annotation.RequestMappingHandlerMapping.register:547 -Mapped "{[/api/v1/wechat/user/callback],methods=[GET]}" onto public void net.xdclass.xdvideo.controller.WechatController.wechatUserCallback(java.lang.String,java.lang.String,javax.servlet.http.HttpServletResponse) throws java.io.IOException
2018-12-11 21:20:18.001 INFO [restartedMain]o.s.w.s.m.method.annotation.RequestMappingHandlerMapping.register:547 -Mapped "{[/error]}" onto public org.springframework.http.ResponseEntity<java.util.Map<java.lang.String, java.lang.Object>> org.springframework.boot.autoconfigure.web.servlet.error.BasicErrorController.error(javax.servlet.http.HttpServletRequest)
2018-12-11 21:20:18.002 INFO [restartedMain]o.s.w.s.m.method.annotation.RequestMappingHandlerMapping.register:547 -Mapped "{[/error],produces=[text/html]}" onto public org.springframework.web.servlet.ModelAndView org.springframework.boot.autoconfigure.web.servlet.error.BasicErrorController.errorHtml(javax.servlet.http.HttpServletRequest,javax.servlet.http.HttpServletResponse)
2018-12-11 21:20:18.056 INFO [restartedMain]o.s.web.servlet.handler.SimpleUrlHandlerMapping.registerHandler:373 -Mapped URL path [/webjars/**] onto handler of type [class org.springframework.web.servlet.resource.ResourceHttpRequestHandler]
2018-12-11 21:20:18.056 INFO [restartedMain]o.s.web.servlet.handler.SimpleUrlHandlerMapping.registerHandler:373 -Mapped URL path [/**] onto handler of type [class org.springframework.web.servlet.resource.ResourceHttpRequestHandler]
2018-12-11 21:20:18.102 INFO [restartedMain]o.s.w.s.m.m.annotation.ExceptionHandlerExceptionResolver.initExceptionHandlerAdviceCache:288 -Detected @ExceptionHandler methods in WExceptionHandler
2018-12-11 21:20:19.293 INFO [restartedMain]o.s.boot.devtools.autoconfigure.OptionalLiveReloadServer.startServer:57 -LiveReload server is running on port 35729
2018-12-11 21:20:19.359 INFO [restartedMain]o.s.jmx.export.annotation.AnnotationMBeanExporter.afterSingletonsInstantiated:433 -Registering beans for JMX exposure on startup
2018-12-11 21:20:19.361 INFO [restartedMain]o.s.jmx.export.annotation.AnnotationMBeanExporter.autodetect:895 -Bean with name 'dataSource' has been autodetected for JMX exposure
2018-12-11 21:20:19.372 INFO [restartedMain]o.s.jmx.export.annotation.AnnotationMBeanExporter.registerBeanInstance:668 -Located MBean 'dataSource': registering with JMX server as MBean [com.alibaba.druid.pool:name=dataSource,type=DruidDataSource]
2018-12-11 21:20:19.394 INFO [restartedMain]org.apache.coyote.http11.Http11NioProtocol.log:180 -Starting ProtocolHandler ["http-nio-8081"]
2018-12-11 21:20:19.407 INFO [restartedMain]org.apache.tomcat.util.net.NioSelectorPool.log:180 -Using a shared selector for servlet write/read
2018-12-11 21:20:19.450 INFO [restartedMain]o.s.boot.web.embedded.tomcat.TomcatWebServer.start:206 -Tomcat started on port(s): 8081 (http) with context path ''
2018-12-11 21:20:19.456 INFO [restartedMain]net.xdclass.xdvideo.XdvideoApplication.logStarted:59 -Started XdvideoApplication in 12.182 seconds (JVM running for 17.294)
2018-12-11 21:40:22.959 INFO [http-nio-8081-exec-1]o.a.catalina.core.ContainerBase.[Tomcat].[localhost].[/].log:180 -Initializing Spring FrameworkServlet 'dispatcherServlet'
2018-12-11 21:40:22.960 INFO [http-nio-8081-exec-1]org.springframework.web.servlet.DispatcherServlet.initServletBean:494 -FrameworkServlet 'dispatcherServlet': initialization started
2018-12-11 21:40:23.005 INFO [http-nio-8081-exec-1]org.springframework.web.servlet.DispatcherServlet.initServletBean:509 -FrameworkServlet 'dispatcherServlet': initialization completed in 45 ms
2018-12-11 21:40:23.255 INFO [http-nio-8081-exec-1]com.alibaba.druid.pool.DruidDataSource.init:928 -{dataSource-1} inited
2018-12-11 22:05:42.186 INFO [restartedMain]net.xdclass.xdvideo.XdvideoApplication.logStarting:50 -Starting XdvideoApplication on UGIQ0L8OELC7BZR with PID 19092 (E:\idea\ideaIUwork\new\xdvideo\target\classes started by Administrator in E:\idea\ideaIUwork\new\xdvideo)
2018-12-11 22:05:42.189 INFO [restartedMain]net.xdclass.xdvideo.XdvideoApplication.logStartupProfileInfo:659 -No active profile set, falling back to default profiles: default
2018-12-11 22:05:42.263 INFO [restartedMain]o.s.b.w.s.c.AnnotationConfigServletWebServerApplicationContext.prepareRefresh:590 -Refreshing org.springframework.boot.web.servlet.context.AnnotationConfigServletWebServerApplicationContext@18513e9c: startup date [Tue Dec 11 22:05:42 GMT+08:00 2018]; root of context hierarchy
2018-12-11 22:05:43.542 INFO [restartedMain]o.s.d.repository.config.RepositoryConfigurationDelegate.multipleStoresDetected:163 -Multiple Spring Data modules found, entering strict repository configuration mode!
2018-12-11 22:05:44.186 INFO [restartedMain]o.s.c.s.PostProcessorRegistrationDelegate$BeanPostProcessorChecker.postProcessAfterInitialization:328 -Bean 'org.springframework.transaction.annotation.ProxyTransactionManagementConfiguration' of type [org.springframework.transaction.annotation.ProxyTransactionManagementConfiguration$$EnhancerBySpringCGLIB$$48f3ae4f] is not eligible for getting processed by all BeanPostProcessors (for example: not eligible for auto-proxying)
2018-12-11 22:05:44.735 INFO [restartedMain]o.s.boot.web.embedded.tomcat.TomcatWebServer.initialize:91 -Tomcat initialized with port(s): 8081 (http)
2018-12-11 22:05:44.752 INFO [restartedMain]org.apache.coyote.http11.Http11NioProtocol.log:180 -Initializing ProtocolHandler ["http-nio-8081"]
2018-12-11 22:05:44.768 INFO [restartedMain]org.apache.catalina.core.StandardService.log:180 -Starting service [Tomcat]
2018-12-11 22:05:44.769 INFO [restartedMain]org.apache.catalina.core.StandardEngine.log:180 -Starting Servlet Engine: Apache Tomcat/8.5.31
2018-12-11 22:05:44.774 INFO [localhost-startStop-1]org.apache.catalina.core.AprLifecycleListener.log:180 -Loaded APR based Apache Tomcat Native library [1.2.17] using APR version [1.6.3].
2018-12-11 22:05:44.774 INFO [localhost-startStop-1]org.apache.catalina.core.AprLifecycleListener.log:180 -APR capabilities: IPv6 [true], sendfile [true], accept filters [false], random [true].
2018-12-11 22:05:44.775 INFO [localhost-startStop-1]org.apache.catalina.core.AprLifecycleListener.log:180 -APR/OpenSSL configuration: useAprConnector [false], useOpenSSL [true]
2018-12-11 22:05:45.826 INFO [localhost-startStop-1]org.apache.catalina.core.AprLifecycleListener.log:180 -OpenSSL successfully initialized [OpenSSL 1.0.2o  27 Mar 2018]
2018-12-11 22:05:45.946 INFO [localhost-startStop-1]o.a.catalina.core.ContainerBase.[Tomcat].[localhost].[/].log:180 -Initializing Spring embedded WebApplicationContext
2018-12-11 22:05:45.947 INFO [localhost-startStop-1]org.springframework.web.context.ContextLoader.prepareWebApplicationContext:285 -Root WebApplicationContext: initialization completed in 3684 ms
2018-12-11 22:05:46.165 INFO [localhost-startStop-1]o.s.boot.web.servlet.ServletRegistrationBean.addRegistration:186 -Servlet dispatcherServlet mapped to [/]
2018-12-11 22:05:46.172 INFO [localhost-startStop-1]o.s.boot.web.servlet.FilterRegistrationBean.configure:245 -Mapping filter: 'characterEncodingFilter' to: [/*]
2018-12-11 22:05:46.172 INFO [localhost-startStop-1]o.s.boot.web.servlet.FilterRegistrationBean.configure:245 -Mapping filter: 'hiddenHttpMethodFilter' to: [/*]
2018-12-11 22:05:46.172 INFO [localhost-startStop-1]o.s.boot.web.servlet.FilterRegistrationBean.configure:245 -Mapping filter: 'httpPutFormContentFilter' to: [/*]
2018-12-11 22:05:46.172 INFO [localhost-startStop-1]o.s.boot.web.servlet.FilterRegistrationBean.configure:245 -Mapping filter: 'requestContextFilter' to: [/*]
2018-12-11 22:05:47.141 INFO [restartedMain]o.s.web.servlet.handler.SimpleUrlHandlerMapping.registerHandler:373 -Mapped URL path [/**/favicon.ico] onto handler of type [class org.springframework.web.servlet.resource.ResourceHttpRequestHandler]
2018-12-11 22:05:47.546 INFO [restartedMain]o.s.w.s.m.method.annotation.RequestMappingHandlerAdapter.initControllerAdviceCache:574 -Looking for @ControllerAdvice: org.springframework.boot.web.servlet.context.AnnotationConfigServletWebServerApplicationContext@18513e9c: startup date [Tue Dec 11 22:05:42 GMT+08:00 2018]; root of context hierarchy
2018-12-11 22:05:47.703 INFO [restartedMain]o.s.w.s.m.method.annotation.RequestMappingHandlerMapping.register:547 -Mapped "{[/test]}" onto public java.lang.String net.xdclass.xdvideo.controller.TestController.test()
2018-12-11 22:05:47.705 INFO [restartedMain]o.s.w.s.m.method.annotation.RequestMappingHandlerMapping.register:547 -Mapped "{[/test_config]}" onto public java.lang.String net.xdclass.xdvideo.controller.TestController.testConfig()
2018-12-11 22:05:47.714 INFO [restartedMain]o.s.w.s.m.method.annotation.RequestMappingHandlerMapping.register:547 -Mapped "{[/api/v1/video/update],methods=[POST]}" onto public java.lang.Object net.xdclass.xdvideo.controller.VideoController.update(net.xdclass.xdvideo.domain.VideoEntity)
2018-12-11 22:05:47.715 INFO [restartedMain]o.s.w.s.m.method.annotation.RequestMappingHandlerMapping.register:547 -Mapped "{[/api/v1/video/save],methods=[POST]}" onto public int net.xdclass.xdvideo.controller.VideoController.insert(net.xdclass.xdvideo.domain.VideoEntity)
2018-12-11 22:05:47.715 INFO [restartedMain]o.s.w.s.m.method.annotation.RequestMappingHandlerMapping.register:547 -Mapped "{[/api/v1/video/test],methods=[GET]}" onto public net.xdclass.xdvideo.domain.VideoEntity net.xdclass.xdvideo.controller.VideoController.test(java.lang.Integer)
2018-12-11 22:05:47.716 INFO [restartedMain]o.s.w.s.m.method.annotation.RequestMappingHandlerMapping.register:547 -Mapped "{[/api/v1/video/page],methods=[GET]}" onto public java.lang.Object net.xdclass.xdvideo.controller.VideoController.page(java.lang.Integer,java.lang.Integer)
2018-12-11 22:05:47.716 INFO [restartedMain]o.s.w.s.m.method.annotation.RequestMappingHandlerMapping.register:547 -Mapped "{[/api/v1/video/test_page],methods=[GET]}" onto public java.lang.Object net.xdclass.xdvideo.controller.VideoController.customPage(java.util.Map<java.lang.String, java.lang.Object>)
2018-12-11 22:05:47.717 INFO [restartedMain]o.s.w.s.m.method.annotation.RequestMappingHandlerMapping.register:547 -Mapped "{[/user/api/v1/order/add],methods=[GET]}" onto public void net.xdclass.xdvideo.controller.VideoOrderController.saveOrder(int,org.apache.catalina.servlet4preview.http.HttpServletRequest,javax.servlet.http.HttpServletResponse) throws java.lang.Exception
2018-12-11 22:05:47.718 INFO [restartedMain]o.s.w.s.m.method.annotation.RequestMappingHandlerMapping.register:547 -Mapped "{[/api/v1/wechat/user/callback],methods=[GET]}" onto public void net.xdclass.xdvideo.controller.WechatController.wechatUserCallback(java.lang.String,java.lang.String,javax.servlet.http.HttpServletResponse) throws java.io.IOException
2018-12-11 22:05:47.719 INFO [restartedMain]o.s.w.s.m.method.annotation.RequestMappingHandlerMapping.register:547 -Mapped "{[/api/v1/wechat/login_url],methods=[GET]}" onto public net.xdclass.xdvideo.domain.JsonData net.xdclass.xdvideo.controller.WechatController.loginUrl(java.lang.String) throws java.io.UnsupportedEncodingException
2018-12-11 22:05:47.719 INFO [restartedMain]o.s.w.s.m.method.annotation.RequestMappingHandlerMapping.register:547 -Mapped "{[/api/v1/wechat/order/callback]}" onto public void net.xdclass.xdvideo.controller.WechatController.orderCallBack(javax.servlet.http.HttpServletRequest,javax.servlet.http.HttpServletResponse) throws java.lang.Exception
2018-12-11 22:05:47.723 INFO [restartedMain]o.s.w.s.m.method.annotation.RequestMappingHandlerMapping.register:547 -Mapped "{[/error]}" onto public org.springframework.http.ResponseEntity<java.util.Map<java.lang.String, java.lang.Object>> org.springframework.boot.autoconfigure.web.servlet.error.BasicErrorController.error(javax.servlet.http.HttpServletRequest)
2018-12-11 22:05:47.725 INFO [restartedMain]o.s.w.s.m.method.annotation.RequestMappingHandlerMapping.register:547 -Mapped "{[/error],produces=[text/html]}" onto public org.springframework.web.servlet.ModelAndView org.springframework.boot.autoconfigure.web.servlet.error.BasicErrorController.errorHtml(javax.servlet.http.HttpServletRequest,javax.servlet.http.HttpServletResponse)
2018-12-11 22:05:47.803 INFO [restartedMain]o.s.web.servlet.handler.SimpleUrlHandlerMapping.registerHandler:373 -Mapped URL path [/webjars/**] onto handler of type [class org.springframework.web.servlet.resource.ResourceHttpRequestHandler]
2018-12-11 22:05:47.804 INFO [restartedMain]o.s.web.servlet.handler.SimpleUrlHandlerMapping.registerHandler:373 -Mapped URL path [/**] onto handler of type [class org.springframework.web.servlet.resource.ResourceHttpRequestHandler]
2018-12-11 22:05:47.835 INFO [restartedMain]o.s.w.s.m.m.annotation.ExceptionHandlerExceptionResolver.initExceptionHandlerAdviceCache:288 -Detected @ExceptionHandler methods in WExceptionHandler
2018-12-11 22:05:48.742 INFO [restartedMain]o.s.boot.devtools.autoconfigure.OptionalLiveReloadServer.startServer:57 -LiveReload server is running on port 35729
2018-12-11 22:05:48.795 INFO [restartedMain]o.s.jmx.export.annotation.AnnotationMBeanExporter.afterSingletonsInstantiated:433 -Registering beans for JMX exposure on startup
2018-12-11 22:05:48.797 INFO [restartedMain]o.s.jmx.export.annotation.AnnotationMBeanExporter.autodetect:895 -Bean with name 'dataSource' has been autodetected for JMX exposure
2018-12-11 22:05:48.807 INFO [restartedMain]o.s.jmx.export.annotation.AnnotationMBeanExporter.registerBeanInstance:668 -Located MBean 'dataSource': registering with JMX server as MBean [com.alibaba.druid.pool:name=dataSource,type=DruidDataSource]
2018-12-11 22:05:48.823 INFO [restartedMain]org.apache.coyote.http11.Http11NioProtocol.log:180 -Starting ProtocolHandler ["http-nio-8081"]
2018-12-11 22:05:48.837 INFO [restartedMain]org.apache.tomcat.util.net.NioSelectorPool.log:180 -Using a shared selector for servlet write/read
2018-12-11 22:05:48.866 INFO [restartedMain]o.s.boot.web.embedded.tomcat.TomcatWebServer.start:206 -Tomcat started on port(s): 8081 (http) with context path ''
2018-12-11 22:05:48.874 INFO [restartedMain]net.xdclass.xdvideo.XdvideoApplication.logStarted:59 -Started XdvideoApplication in 7.289 seconds (JVM running for 11.623)
2018-12-11 22:05:58.831 INFO [http-nio-8081-exec-1]o.a.catalina.core.ContainerBase.[Tomcat].[localhost].[/].log:180 -Initializing Spring FrameworkServlet 'dispatcherServlet'
2018-12-11 22:05:58.833 INFO [http-nio-8081-exec-1]org.springframework.web.servlet.DispatcherServlet.initServletBean:494 -FrameworkServlet 'dispatcherServlet': initialization started
2018-12-11 22:05:58.875 INFO [http-nio-8081-exec-1]org.springframework.web.servlet.DispatcherServlet.initServletBean:509 -FrameworkServlet 'dispatcherServlet': initialization completed in 42 ms
2018-12-11 22:05:58.994 INFO [http-nio-8081-exec-1]com.alibaba.druid.pool.DruidDataSource.init:928 -{dataSource-1} inited
2018-12-11 22:12:29.541 INFO [restartedMain]net.xdclass.xdvideo.XdvideoApplication.logStarting:50 -Starting XdvideoApplication on UGIQ0L8OELC7BZR with PID 12608 (E:\idea\ideaIUwork\new\xdvideo\target\classes started by Administrator in E:\idea\ideaIUwork\new\xdvideo)
2018-12-11 22:12:29.545 INFO [restartedMain]net.xdclass.xdvideo.XdvideoApplication.logStartupProfileInfo:659 -No active profile set, falling back to default profiles: default
2018-12-11 22:12:29.688 INFO [restartedMain]o.s.b.w.s.c.AnnotationConfigServletWebServerApplicationContext.prepareRefresh:590 -Refreshing org.springframework.boot.web.servlet.context.AnnotationConfigServletWebServerApplicationContext@30462875: startup date [Tue Dec 11 22:12:29 GMT+08:00 2018]; root of context hierarchy
2018-12-11 22:12:31.619 INFO [restartedMain]o.s.d.repository.config.RepositoryConfigurationDelegate.multipleStoresDetected:163 -Multiple Spring Data modules found, entering strict repository configuration mode!
2018-12-11 22:12:32.237 INFO [restartedMain]o.s.c.s.PostProcessorRegistrationDelegate$BeanPostProcessorChecker.postProcessAfterInitialization:328 -Bean 'org.springframework.transaction.annotation.ProxyTransactionManagementConfiguration' of type [org.springframework.transaction.annotation.ProxyTransactionManagementConfiguration$$EnhancerBySpringCGLIB$$cb7e136] is not eligible for getting processed by all BeanPostProcessors (for example: not eligible for auto-proxying)
2018-12-11 22:12:32.793 INFO [restartedMain]o.s.boot.web.embedded.tomcat.TomcatWebServer.initialize:91 -Tomcat initialized with port(s): 8081 (http)
2018-12-11 22:12:32.814 INFO [restartedMain]org.apache.coyote.http11.Http11NioProtocol.log:180 -Initializing ProtocolHandler ["http-nio-8081"]
2018-12-11 22:12:32.831 INFO [restartedMain]org.apache.catalina.core.StandardService.log:180 -Starting service [Tomcat]
2018-12-11 22:12:32.831 INFO [restartedMain]org.apache.catalina.core.StandardEngine.log:180 -Starting Servlet Engine: Apache Tomcat/8.5.31
2018-12-11 22:12:32.838 INFO [localhost-startStop-1]org.apache.catalina.core.AprLifecycleListener.log:180 -Loaded APR based Apache Tomcat Native library [1.2.17] using APR version [1.6.3].
2018-12-11 22:12:32.839 INFO [localhost-startStop-1]org.apache.catalina.core.AprLifecycleListener.log:180 -APR capabilities: IPv6 [true], sendfile [true], accept filters [false], random [true].
2018-12-11 22:12:32.839 INFO [localhost-startStop-1]org.apache.catalina.core.AprLifecycleListener.log:180 -APR/OpenSSL configuration: useAprConnector [false], useOpenSSL [true]
2018-12-11 22:12:33.883 INFO [localhost-startStop-1]org.apache.catalina.core.AprLifecycleListener.log:180 -OpenSSL successfully initialized [OpenSSL 1.0.2o  27 Mar 2018]
2018-12-11 22:12:33.981 INFO [localhost-startStop-1]o.a.catalina.core.ContainerBase.[Tomcat].[localhost].[/].log:180 -Initializing Spring embedded WebApplicationContext
2018-12-11 22:12:33.981 INFO [localhost-startStop-1]org.springframework.web.context.ContextLoader.prepareWebApplicationContext:285 -Root WebApplicationContext: initialization completed in 4293 ms
2018-12-11 22:12:34.169 INFO [localhost-startStop-1]o.s.boot.web.servlet.ServletRegistrationBean.addRegistration:186 -Servlet dispatcherServlet mapped to [/]
2018-12-11 22:12:34.176 INFO [localhost-startStop-1]o.s.boot.web.servlet.FilterRegistrationBean.configure:245 -Mapping filter: 'characterEncodingFilter' to: [/*]
2018-12-11 22:12:34.177 INFO [localhost-startStop-1]o.s.boot.web.servlet.FilterRegistrationBean.configure:245 -Mapping filter: 'hiddenHttpMethodFilter' to: [/*]
2018-12-11 22:12:34.177 INFO [localhost-startStop-1]o.s.boot.web.servlet.FilterRegistrationBean.configure:245 -Mapping filter: 'httpPutFormContentFilter' to: [/*]
2018-12-11 22:12:34.177 INFO [localhost-startStop-1]o.s.boot.web.servlet.FilterRegistrationBean.configure:245 -Mapping filter: 'requestContextFilter' to: [/*]
2018-12-11 22:12:35.063 INFO [restartedMain]o.s.web.servlet.handler.SimpleUrlHandlerMapping.registerHandler:373 -Mapped URL path [/**/favicon.ico] onto handler of type [class org.springframework.web.servlet.resource.ResourceHttpRequestHandler]
2018-12-11 22:12:35.431 INFO [restartedMain]o.s.w.s.m.method.annotation.RequestMappingHandlerAdapter.initControllerAdviceCache:574 -Looking for @ControllerAdvice: org.springframework.boot.web.servlet.context.AnnotationConfigServletWebServerApplicationContext@30462875: startup date [Tue Dec 11 22:12:29 GMT+08:00 2018]; root of context hierarchy
2018-12-11 22:12:35.540 INFO [restartedMain]o.s.w.s.m.method.annotation.RequestMappingHandlerMapping.register:547 -Mapped "{[/test]}" onto public java.lang.String net.xdclass.xdvideo.controller.TestController.test()
2018-12-11 22:12:35.541 INFO [restartedMain]o.s.w.s.m.method.annotation.RequestMappingHandlerMapping.register:547 -Mapped "{[/test_config]}" onto public java.lang.String net.xdclass.xdvideo.controller.TestController.testConfig()
2018-12-11 22:12:35.548 INFO [restartedMain]o.s.w.s.m.method.annotation.RequestMappingHandlerMapping.register:547 -Mapped "{[/api/v1/video/update],methods=[POST]}" onto public java.lang.Object net.xdclass.xdvideo.controller.VideoController.update(net.xdclass.xdvideo.domain.VideoEntity)
2018-12-11 22:12:35.548 INFO [restartedMain]o.s.w.s.m.method.annotation.RequestMappingHandlerMapping.register:547 -Mapped "{[/api/v1/video/save],methods=[POST]}" onto public int net.xdclass.xdvideo.controller.VideoController.insert(net.xdclass.xdvideo.domain.VideoEntity)
2018-12-11 22:12:35.549 INFO [restartedMain]o.s.w.s.m.method.annotation.RequestMappingHandlerMapping.register:547 -Mapped "{[/api/v1/video/test],methods=[GET]}" onto public net.xdclass.xdvideo.domain.VideoEntity net.xdclass.xdvideo.controller.VideoController.test(java.lang.Integer)
2018-12-11 22:12:35.549 INFO [restartedMain]o.s.w.s.m.method.annotation.RequestMappingHandlerMapping.register:547 -Mapped "{[/api/v1/video/page],methods=[GET]}" onto public java.lang.Object net.xdclass.xdvideo.controller.VideoController.page(java.lang.Integer,java.lang.Integer)
2018-12-11 22:12:35.550 INFO [restartedMain]o.s.w.s.m.method.annotation.RequestMappingHandlerMapping.register:547 -Mapped "{[/api/v1/video/test_page],methods=[GET]}" onto public java.lang.Object net.xdclass.xdvideo.controller.VideoController.customPage(java.util.Map<java.lang.String, java.lang.Object>)
2018-12-11 22:12:35.551 INFO [restartedMain]o.s.w.s.m.method.annotation.RequestMappingHandlerMapping.register:547 -Mapped "{[/user/api/v1/order/add],methods=[GET]}" onto public void net.xdclass.xdvideo.controller.VideoOrderController.saveOrder(int,org.apache.catalina.servlet4preview.http.HttpServletRequest,javax.servlet.http.HttpServletResponse) throws java.lang.Exception
2018-12-11 22:12:35.553 INFO [restartedMain]o.s.w.s.m.method.annotation.RequestMappingHandlerMapping.register:547 -Mapped "{[/api/v1/wechat/user/callback],methods=[GET]}" onto public void net.xdclass.xdvideo.controller.WechatController.wechatUserCallback(java.lang.String,java.lang.String,javax.servlet.http.HttpServletResponse) throws java.io.IOException
2018-12-11 22:12:35.553 INFO [restartedMain]o.s.w.s.m.method.annotation.RequestMappingHandlerMapping.register:547 -Mapped "{[/api/v1/wechat/login_url],methods=[GET]}" onto public net.xdclass.xdvideo.domain.JsonData net.xdclass.xdvideo.controller.WechatController.loginUrl(java.lang.String) throws java.io.UnsupportedEncodingException
2018-12-11 22:12:35.554 INFO [restartedMain]o.s.w.s.m.method.annotation.RequestMappingHandlerMapping.register:547 -Mapped "{[/api/v1/wechat/order/callback]}" onto public void net.xdclass.xdvideo.controller.WechatController.orderCallBack(javax.servlet.http.HttpServletRequest,javax.servlet.http.HttpServletResponse) throws java.lang.Exception
2018-12-11 22:12:35.556 INFO [restartedMain]o.s.w.s.m.method.annotation.RequestMappingHandlerMapping.register:547 -Mapped "{[/error]}" onto public org.springframework.http.ResponseEntity<java.util.Map<java.lang.String, java.lang.Object>> org.springframework.boot.autoconfigure.web.servlet.error.BasicErrorController.error(javax.servlet.http.HttpServletRequest)
2018-12-11 22:12:35.558 INFO [restartedMain]o.s.w.s.m.method.annotation.RequestMappingHandlerMapping.register:547 -Mapped "{[/error],produces=[text/html]}" onto public org.springframework.web.servlet.ModelAndView org.springframework.boot.autoconfigure.web.servlet.error.BasicErrorController.errorHtml(javax.servlet.http.HttpServletRequest,javax.servlet.http.HttpServletResponse)
2018-12-11 22:12:35.603 INFO [restartedMain]o.s.web.servlet.handler.SimpleUrlHandlerMapping.registerHandler:373 -Mapped URL path [/webjars/**] onto handler of type [class org.springframework.web.servlet.resource.ResourceHttpRequestHandler]
2018-12-11 22:12:35.603 INFO [restartedMain]o.s.web.servlet.handler.SimpleUrlHandlerMapping.registerHandler:373 -Mapped URL path [/**] onto handler of type [class org.springframework.web.servlet.resource.ResourceHttpRequestHandler]
2018-12-11 22:12:35.628 INFO [restartedMain]o.s.w.s.m.m.annotation.ExceptionHandlerExceptionResolver.initExceptionHandlerAdviceCache:288 -Detected @ExceptionHandler methods in WExceptionHandler
2018-12-11 22:12:36.482 INFO [restartedMain]o.s.boot.devtools.autoconfigure.OptionalLiveReloadServer.startServer:57 -LiveReload server is running on port 35729
2018-12-11 22:12:36.550 INFO [restartedMain]o.s.jmx.export.annotation.AnnotationMBeanExporter.afterSingletonsInstantiated:433 -Registering beans for JMX exposure on startup
2018-12-11 22:12:36.552 INFO [restartedMain]o.s.jmx.export.annotation.AnnotationMBeanExporter.autodetect:895 -Bean with name 'dataSource' has been autodetected for JMX exposure
2018-12-11 22:12:36.560 INFO [restartedMain]o.s.jmx.export.annotation.AnnotationMBeanExporter.registerBeanInstance:668 -Located MBean 'dataSource': registering with JMX server as MBean [com.alibaba.druid.pool:name=dataSource,type=DruidDataSource]
2018-12-11 22:12:36.576 INFO [restartedMain]org.apache.coyote.http11.Http11NioProtocol.log:180 -Starting ProtocolHandler ["http-nio-8081"]
2018-12-11 22:12:36.588 INFO [restartedMain]org.apache.tomcat.util.net.NioSelectorPool.log:180 -Using a shared selector for servlet write/read
2018-12-11 22:12:36.607 INFO [restartedMain]o.s.boot.web.embedded.tomcat.TomcatWebServer.start:206 -Tomcat started on port(s): 8081 (http) with context path ''
2018-12-11 22:12:36.613 INFO [restartedMain]net.xdclass.xdvideo.XdvideoApplication.logStarted:59 -Started XdvideoApplication in 8.355 seconds (JVM running for 9.826)
2018-12-11 22:13:11.401 INFO [http-nio-8081-exec-1]o.a.catalina.core.ContainerBase.[Tomcat].[localhost].[/].log:180 -Initializing Spring FrameworkServlet 'dispatcherServlet'
2018-12-11 22:13:11.402 INFO [http-nio-8081-exec-1]org.springframework.web.servlet.DispatcherServlet.initServletBean:494 -FrameworkServlet 'dispatcherServlet': initialization started
2018-12-11 22:13:11.441 INFO [http-nio-8081-exec-1]org.springframework.web.servlet.DispatcherServlet.initServletBean:509 -FrameworkServlet 'dispatcherServlet': initialization completed in 38 ms
2018-12-11 22:13:11.585 INFO [http-nio-8081-exec-1]com.alibaba.druid.pool.DruidDataSource.init:928 -{dataSource-1} inited
2018-12-11 23:14:14.154 WARN [http-nio-8081-exec-9]o.s.w.s.m.m.annotation.ExceptionHandlerExceptionResolver.logException:192 -Resolved exception caused by Handler execution: java.lang.NullPointerException
2018-12-11 23:14:16.356 WARN [http-nio-8081-exec-10]o.s.w.s.m.m.annotation.ExceptionHandlerExceptionResolver.logException:192 -Resolved exception caused by Handler execution: java.lang.NullPointerException
2018-12-11 23:14:18.134 WARN [http-nio-8081-exec-4]o.s.w.s.m.m.annotation.ExceptionHandlerExceptionResolver.logException:192 -Resolved exception caused by Handler execution: java.lang.NullPointerException
