2018-12-13 10:19:44.141 INFO [restartedMain]net.xdclass.xdvideo.XdvideoApplication.logStarting:50 -Starting XdvideoApplication on UGIQ0L8OELC7BZR with PID 17564 (E:\idea\ideaIUwork\new\xdvideo\target\classes started by Administrator in E:\idea\ideaIUwork\new\xdvideo)
2018-12-13 10:19:44.143 INFO [restartedMain]net.xdclass.xdvideo.XdvideoApplication.logStartupProfileInfo:659 -No active profile set, falling back to default profiles: default
2018-12-13 10:19:44.473 INFO [restartedMain]o.s.b.w.s.c.AnnotationConfigServletWebServerApplicationContext.prepareRefresh:590 -Refreshing org.springframework.boot.web.servlet.context.AnnotationConfigServletWebServerApplicationContext@40a92586: startup date [Thu Dec 13 10:19:44 GMT+08:00 2018]; root of context hierarchy
2018-12-13 10:19:48.681 INFO [restartedMain]o.s.d.repository.config.RepositoryConfigurationDelegate.multipleStoresDetected:163 -Multiple Spring Data modules found, entering strict repository configuration mode!
2018-12-13 10:19:50.129 INFO [restartedMain]o.s.c.s.PostProcessorRegistrationDelegate$BeanPostProcessorChecker.postProcessAfterInitialization:328 -Bean 'org.springframework.transaction.annotation.ProxyTransactionManagementConfiguration' of type [org.springframework.transaction.annotation.ProxyTransactionManagementConfiguration$$EnhancerBySpringCGLIB$$1a017bc1] is not eligible for getting processed by all BeanPostProcessors (for example: not eligible for auto-proxying)
2018-12-13 10:19:51.054 INFO [restartedMain]o.s.boot.web.embedded.tomcat.TomcatWebServer.initialize:91 -Tomcat initialized with port(s): 8081 (http)
2018-12-13 10:19:51.105 INFO [restartedMain]org.apache.coyote.http11.Http11NioProtocol.log:180 -Initializing ProtocolHandler ["http-nio-8081"]
2018-12-13 10:19:51.134 INFO [restartedMain]org.apache.catalina.core.StandardService.log:180 -Starting service [Tomcat]
2018-12-13 10:19:51.135 INFO [restartedMain]org.apache.catalina.core.StandardEngine.log:180 -Starting Servlet Engine: Apache Tomcat/8.5.31
2018-12-13 10:19:51.143 INFO [localhost-startStop-1]org.apache.catalina.core.AprLifecycleListener.log:180 -Loaded APR based Apache Tomcat Native library [1.2.17] using APR version [1.6.3].
2018-12-13 10:19:51.143 INFO [localhost-startStop-1]org.apache.catalina.core.AprLifecycleListener.log:180 -APR capabilities: IPv6 [true], sendfile [true], accept filters [false], random [true].
2018-12-13 10:19:51.143 INFO [localhost-startStop-1]org.apache.catalina.core.AprLifecycleListener.log:180 -APR/OpenSSL configuration: useAprConnector [false], useOpenSSL [true]
2018-12-13 10:19:52.271 INFO [localhost-startStop-1]org.apache.catalina.core.AprLifecycleListener.log:180 -OpenSSL successfully initialized [OpenSSL 1.0.2o  27 Mar 2018]
2018-12-13 10:19:52.650 INFO [localhost-startStop-1]o.a.catalina.core.ContainerBase.[Tomcat].[localhost].[/].log:180 -Initializing Spring embedded WebApplicationContext
2018-12-13 10:19:52.650 INFO [localhost-startStop-1]org.springframework.web.context.ContextLoader.prepareWebApplicationContext:285 -Root WebApplicationContext: initialization completed in 8178 ms
2018-12-13 10:19:52.878 INFO [localhost-startStop-1]o.s.boot.web.servlet.ServletRegistrationBean.addRegistration:186 -Servlet dispatcherServlet mapped to [/]
2018-12-13 10:19:52.923 INFO [localhost-startStop-1]o.s.boot.web.servlet.FilterRegistrationBean.configure:245 -Mapping filter: 'characterEncodingFilter' to: [/*]
2018-12-13 10:19:52.923 INFO [localhost-startStop-1]o.s.boot.web.servlet.FilterRegistrationBean.configure:245 -Mapping filter: 'hiddenHttpMethodFilter' to: [/*]
2018-12-13 10:19:52.923 INFO [localhost-startStop-1]o.s.boot.web.servlet.FilterRegistrationBean.configure:245 -Mapping filter: 'httpPutFormContentFilter' to: [/*]
2018-12-13 10:19:52.924 INFO [localhost-startStop-1]o.s.boot.web.servlet.FilterRegistrationBean.configure:245 -Mapping filter: 'requestContextFilter' to: [/*]
2018-12-13 10:19:54.286 INFO [restartedMain]o.s.web.servlet.handler.SimpleUrlHandlerMapping.registerHandler:373 -Mapped URL path [/**/favicon.ico] onto handler of type [class org.springframework.web.servlet.resource.ResourceHttpRequestHandler]
2018-12-13 10:19:55.309 INFO [restartedMain]o.s.w.s.m.method.annotation.RequestMappingHandlerAdapter.initControllerAdviceCache:574 -Looking for @ControllerAdvice: org.springframework.boot.web.servlet.context.AnnotationConfigServletWebServerApplicationContext@40a92586: startup date [Thu Dec 13 10:19:44 GMT+08:00 2018]; root of context hierarchy
2018-12-13 10:19:55.484 INFO [restartedMain]o.s.w.s.m.method.annotation.RequestMappingHandlerMapping.register:547 -Mapped "{[/test]}" onto public java.lang.String net.xdclass.xdvideo.controller.TestController.test()
2018-12-13 10:19:55.486 INFO [restartedMain]o.s.w.s.m.method.annotation.RequestMappingHandlerMapping.register:547 -Mapped "{[/test_config]}" onto public java.lang.String net.xdclass.xdvideo.controller.TestController.testConfig()
2018-12-13 10:19:55.494 INFO [restartedMain]o.s.w.s.m.method.annotation.RequestMappingHandlerMapping.register:547 -Mapped "{[/api/v1/video/update],methods=[POST]}" onto public java.lang.Object net.xdclass.xdvideo.controller.VideoController.update(net.xdclass.xdvideo.domain.VideoEntity)
2018-12-13 10:19:55.495 INFO [restartedMain]o.s.w.s.m.method.annotation.RequestMappingHandlerMapping.register:547 -Mapped "{[/api/v1/video/save],methods=[POST]}" onto public int net.xdclass.xdvideo.controller.VideoController.insert(net.xdclass.xdvideo.domain.VideoEntity)
2018-12-13 10:19:55.496 INFO [restartedMain]o.s.w.s.m.method.annotation.RequestMappingHandlerMapping.register:547 -Mapped "{[/api/v1/video/test],methods=[GET]}" onto public net.xdclass.xdvideo.domain.VideoEntity net.xdclass.xdvideo.controller.VideoController.test(java.lang.Integer)
2018-12-13 10:19:55.497 INFO [restartedMain]o.s.w.s.m.method.annotation.RequestMappingHandlerMapping.register:547 -Mapped "{[/api/v1/video/page],methods=[GET]}" onto public java.lang.Object net.xdclass.xdvideo.controller.VideoController.page(java.lang.Integer,java.lang.Integer)
2018-12-13 10:19:55.499 INFO [restartedMain]o.s.w.s.m.method.annotation.RequestMappingHandlerMapping.register:547 -Mapped "{[/api/v1/video/test_page],methods=[GET]}" onto public java.lang.Object net.xdclass.xdvideo.controller.VideoController.customPage(java.util.Map<java.lang.String, java.lang.Object>)
2018-12-13 10:19:55.501 INFO [restartedMain]o.s.w.s.m.method.annotation.RequestMappingHandlerMapping.register:547 -Mapped "{[/user/api/v1/order/add],methods=[GET]}" onto public void net.xdclass.xdvideo.controller.VideoOrderController.saveOrder(int,org.apache.catalina.servlet4preview.http.HttpServletRequest,javax.servlet.http.HttpServletResponse) throws java.lang.Exception
2018-12-13 10:19:55.504 INFO [restartedMain]o.s.w.s.m.method.annotation.RequestMappingHandlerMapping.register:547 -Mapped "{[/api/v1/wechat/user/callback],methods=[GET]}" onto public void net.xdclass.xdvideo.controller.WechatController.wechatUserCallback(java.lang.String,java.lang.String,javax.servlet.http.HttpServletResponse) throws java.io.IOException
2018-12-13 10:19:55.504 INFO [restartedMain]o.s.w.s.m.method.annotation.RequestMappingHandlerMapping.register:547 -Mapped "{[/api/v1/wechat/order/callback]}" onto public void net.xdclass.xdvideo.controller.WechatController.orderCallBack(javax.servlet.http.HttpServletRequest,javax.servlet.http.HttpServletResponse) throws java.lang.Exception
2018-12-13 10:19:55.505 INFO [restartedMain]o.s.w.s.m.method.annotation.RequestMappingHandlerMapping.register:547 -Mapped "{[/api/v1/wechat/login_url],methods=[GET]}" onto public net.xdclass.xdvideo.domain.JsonData net.xdclass.xdvideo.controller.WechatController.loginUrl(java.lang.String) throws java.io.UnsupportedEncodingException
2018-12-13 10:19:55.509 INFO [restartedMain]o.s.w.s.m.method.annotation.RequestMappingHandlerMapping.register:547 -Mapped "{[/error]}" onto public org.springframework.http.ResponseEntity<java.util.Map<java.lang.String, java.lang.Object>> org.springframework.boot.autoconfigure.web.servlet.error.BasicErrorController.error(javax.servlet.http.HttpServletRequest)
2018-12-13 10:19:55.510 INFO [restartedMain]o.s.w.s.m.method.annotation.RequestMappingHandlerMapping.register:547 -Mapped "{[/error],produces=[text/html]}" onto public org.springframework.web.servlet.ModelAndView org.springframework.boot.autoconfigure.web.servlet.error.BasicErrorController.errorHtml(javax.servlet.http.HttpServletRequest,javax.servlet.http.HttpServletResponse)
2018-12-13 10:19:55.562 INFO [restartedMain]o.s.web.servlet.handler.SimpleUrlHandlerMapping.registerHandler:373 -Mapped URL path [/webjars/**] onto handler of type [class org.springframework.web.servlet.resource.ResourceHttpRequestHandler]
2018-12-13 10:19:55.563 INFO [restartedMain]o.s.web.servlet.handler.SimpleUrlHandlerMapping.registerHandler:373 -Mapped URL path [/**] onto handler of type [class org.springframework.web.servlet.resource.ResourceHttpRequestHandler]
2018-12-13 10:19:55.591 INFO [restartedMain]o.s.w.s.m.m.annotation.ExceptionHandlerExceptionResolver.initExceptionHandlerAdviceCache:288 -Detected @ExceptionHandler methods in WExceptionHandler
2018-12-13 10:19:56.750 INFO [restartedMain]o.s.boot.devtools.autoconfigure.OptionalLiveReloadServer.startServer:57 -LiveReload server is running on port 35729
2018-12-13 10:19:56.808 INFO [restartedMain]o.s.jmx.export.annotation.AnnotationMBeanExporter.afterSingletonsInstantiated:433 -Registering beans for JMX exposure on startup
2018-12-13 10:19:56.810 INFO [restartedMain]o.s.jmx.export.annotation.AnnotationMBeanExporter.autodetect:895 -Bean with name 'dataSource' has been autodetected for JMX exposure
2018-12-13 10:19:56.819 INFO [restartedMain]o.s.jmx.export.annotation.AnnotationMBeanExporter.registerBeanInstance:668 -Located MBean 'dataSource': registering with JMX server as MBean [com.alibaba.druid.pool:name=dataSource,type=DruidDataSource]
2018-12-13 10:19:56.844 INFO [restartedMain]org.apache.coyote.http11.Http11NioProtocol.log:180 -Starting ProtocolHandler ["http-nio-8081"]
2018-12-13 10:19:56.856 INFO [restartedMain]org.apache.tomcat.util.net.NioSelectorPool.log:180 -Using a shared selector for servlet write/read
2018-12-13 10:19:56.892 INFO [restartedMain]o.s.boot.web.embedded.tomcat.TomcatWebServer.start:206 -Tomcat started on port(s): 8081 (http) with context path ''
2018-12-13 10:19:56.898 INFO [restartedMain]net.xdclass.xdvideo.XdvideoApplication.logStarted:59 -Started XdvideoApplication in 14.892 seconds (JVM running for 17.975)
2018-12-13 10:23:20.145 INFO [http-nio-8081-exec-1]o.a.catalina.core.ContainerBase.[Tomcat].[localhost].[/].log:180 -Initializing Spring FrameworkServlet 'dispatcherServlet'
2018-12-13 10:23:20.146 INFO [http-nio-8081-exec-1]org.springframework.web.servlet.DispatcherServlet.initServletBean:494 -FrameworkServlet 'dispatcherServlet': initialization started
2018-12-13 10:23:20.200 INFO [http-nio-8081-exec-1]org.springframework.web.servlet.DispatcherServlet.initServletBean:509 -FrameworkServlet 'dispatcherServlet': initialization completed in 53 ms
2018-12-13 10:23:21.351 INFO [http-nio-8081-exec-3]com.alibaba.druid.pool.DruidDataSource.init:928 -{dataSource-1} inited
